12:48:16:278 [ALWAYS]	GUDE Logging Started
12:48:16:283 [INFO]	SqliteResumeCache::SqliteResumeCache basedirectory is null/empty
12:48:16:283 [ERROR]	SqliteResumeCache::CreateSqliteResumeCache creating resume cache pointer failure
12:48:16:284 [ERROR]	Initialize resume cache pointer failure
12:48:16:287 [INFO]	gude policy POLICY_USER limit (4,4,1) chunk 2097152, chunking (UL 0 DL 1), resXfer 1, adapt 0, NSURL 1, timeout 86400 
12:48:16:287 [INFO]	Initialized -- gude-lib version: v0.11.1 app: gude
12:48:18:338 [WARN]	Request Failed. ErrorCode: 112029 errorMessage: Platform Status, Send Request Failed. WinHTTP Cannot Connect. last error code = 12029 
12:48:20:361 [WARN]	Request Failed. ErrorCode: 112029 errorMessage: Platform Status, Send Request Failed. WinHTTP Cannot Connect. last error code = 12029 
12:48:26:375 [WARN]	Request Failed. ErrorCode: 112029 errorMessage: Platform Status, Send Request Failed. WinHTTP Cannot Connect. last error code = 12029 
12:48:38:389 [WARN]	Request Failed. ErrorCode: 112029 errorMessage: Platform Status, Send Request Failed. WinHTTP Cannot Connect. last error code = 12029 
12:48:46:399 [WARN]	Request Failed. ErrorCode: 112029 errorMessage: Platform Status, Send Request Failed. WinHTTP Cannot Connect. last error code = 12029 
12:48:48:417 [WARN]	Request Failed. ErrorCode: 112029 errorMessage: Platform Status, Send Request Failed. WinHTTP Cannot Connect. last error code = 12029 
12:49:12:501 [WARN]	Request Failed. ErrorCode: 112029 errorMessage: Platform Status, Send Request Failed. WinHTTP Cannot Connect. last error code = 12029 
12:49:56:588 [WARN]	Request Failed. ErrorCode: 112029 errorMessage: Platform Status, Send Request Failed. WinHTTP Cannot Connect. last error code = 12029 
12:50:24:607 [WARN]	Request Failed. ErrorCode: 112029 errorMessage: Platform Status, Send Request Failed. WinHTTP Cannot Connect. last error code = 12029 
12:51:00:688 [WARN]	Request Failed. ErrorCode: 112029 errorMessage: Platform Status, Send Request Failed. WinHTTP Cannot Connect. last error code = 12029 
12:51:32:762 [WARN]	Request Failed. ErrorCode: 112029 errorMessage: Platform Status, Send Request Failed. WinHTTP Cannot Connect. last error code = 12029 
12:51:50:777 [WARN]	Request Failed. ErrorCode: 112029 errorMessage: Platform Status, Send Request Failed. WinHTTP Cannot Connect. last error code = 12029 
12:52:24:897 [WARN]	Request Failed. ErrorCode: 112029 errorMessage: Platform Status, Send Request Failed. WinHTTP Cannot Connect. last error code = 12029 
12:52:58:980 [WARN]	Request Failed. ErrorCode: 112029 errorMessage: Platform Status, Send Request Failed. WinHTTP Cannot Connect. last error code = 12029 
12:53:53:061 [WARN]	Request Failed. ErrorCode: 112029 errorMessage: Platform Status, Send Request Failed. WinHTTP Cannot Connect. last error code = 12029 
12:54:11:108 [WARN]	Request Failed. ErrorCode: 112029 errorMessage: Platform Status, Send Request Failed. WinHTTP Cannot Connect. last error code = 12029 
12:54:33:202 [WARN]	Request Failed. ErrorCode: 112029 errorMessage: Platform Status, Send Request Failed. WinHTTP Cannot Connect. last error code = 12029 
12:55:11:283 [WARN]	Request Failed. ErrorCode: 112029 errorMessage: Platform Status, Send Request Failed. WinHTTP Cannot Connect. last error code = 12029 
12:55:23:291 [WARN]	Request Failed. ErrorCode: 112029 errorMessage: Platform Status, Send Request Failed. WinHTTP Cannot Connect. last error code = 12029 
12:56:17:317 [WARN]	Request Failed. ErrorCode: 112029 errorMessage: Platform Status, Send Request Failed. WinHTTP Cannot Connect. last error code = 12029 
12:57:13:400 [WARN]	Request Failed. ErrorCode: 112029 errorMessage: Platform Status, Send Request Failed. WinHTTP Cannot Connect. last error code = 12029 
12:57:27:422 [WARN]	Request Failed. ErrorCode: 112029 errorMessage: Platform Status, Send Request Failed. WinHTTP Cannot Connect. last error code = 12029 
12:57:51:502 [WARN]	Request Failed. ErrorCode: 112029 errorMessage: Platform Status, Send Request Failed. WinHTTP Cannot Connect. last error code = 12029 
12:58:51:589 [WARN]	Request Failed. ErrorCode: 112029 errorMessage: Platform Status, Send Request Failed. WinHTTP Cannot Connect. last error code = 12029 
12:59:41:700 [WARN]	Request Failed. ErrorCode: 112029 errorMessage: Platform Status, Send Request Failed. WinHTTP Cannot Connect. last error code = 12029 
12:59:49:715 [WARN]	Request Failed. ErrorCode: 112029 errorMessage: Platform Status, Send Request Failed. WinHTTP Cannot Connect. last error code = 12029 
13:00:49:800 [WARN]	Request Failed. ErrorCode: 112029 errorMessage: Platform Status, Send Request Failed. WinHTTP Cannot Connect. last error code = 12029 
13:01:15:824 [WARN]	Request Failed. ErrorCode: 112029 errorMessage: Platform Status, Send Request Failed. WinHTTP Cannot Connect. last error code = 12029 
13:02:11:907 [WARN]	Request Failed. ErrorCode: 112029 errorMessage: Platform Status, Send Request Failed. WinHTTP Cannot Connect. last error code = 12029 
13:02:23:915 [WARN]	Request Failed. ErrorCode: 112029 errorMessage: Platform Status, Send Request Failed. WinHTTP Cannot Connect. last error code = 12029 
13:03:09:976 [WARN]	Request Failed. ErrorCode: 112029 errorMessage: Platform Status, Send Request Failed. WinHTTP Cannot Connect. last error code = 12029 
13:03:24:011 [WARN]	Request Failed. ErrorCode: 112029 errorMessage: Platform Status, Send Request Failed. WinHTTP Cannot Connect. last error code = 12029 
13:04:24:089 [WARN]	Request Failed. ErrorCode: 112029 errorMessage: Platform Status, Send Request Failed. WinHTTP Cannot Connect. last error code = 12029 
13:05:02:134 [WARN]	Request Failed. ErrorCode: 112029 errorMessage: Platform Status, Send Request Failed. WinHTTP Cannot Connect. last error code = 12029 
13:05:38:233 [WARN]	Request Failed. ErrorCode: 112029 errorMessage: Platform Status, Send Request Failed. WinHTTP Cannot Connect. last error code = 12029 
13:06:04:259 [WARN]	Request Failed. ErrorCode: 112029 errorMessage: Platform Status, Send Request Failed. WinHTTP Cannot Connect. last error code = 12029 
13:06:20:290 [WARN]	Request Failed. ErrorCode: 112029 errorMessage: Platform Status, Send Request Failed. WinHTTP Cannot Connect. last error code = 12029 
13:06:26:299 [WARN]	Request Failed. ErrorCode: 112029 errorMessage: Platform Status, Send Request Failed. WinHTTP Cannot Connect. last error code = 12029 
13:07:20:390 [WARN]	Request Failed. ErrorCode: 112029 errorMessage: Platform Status, Send Request Failed. WinHTTP Cannot Connect. last error code = 12029 
13:07:42:465 [WARN]	Request Failed. ErrorCode: 112029 errorMessage: Platform Status, Send Request Failed. WinHTTP Cannot Connect. last error code = 12029 
13:07:54:492 [WARN]	Request Failed. ErrorCode: 112029 errorMessage: Platform Status, Send Request Failed. WinHTTP Cannot Connect. last error code = 12029 
13:08:56:590 [WARN]	Request Failed. ErrorCode: 112029 errorMessage: Platform Status, Send Request Failed. WinHTTP Cannot Connect. last error code = 12029 
13:09:02:600 [WARN]	Request Failed. ErrorCode: 112029 errorMessage: Platform Status, Send Request Failed. WinHTTP Cannot Connect. last error code = 12029 
13:09:54:674 [WARN]	Request Failed. ErrorCode: 112029 errorMessage: Platform Status, Send Request Failed. WinHTTP Cannot Connect. last error code = 12029 
13:10:52:744 [WARN]	Request Failed. ErrorCode: 112029 errorMessage: Platform Status, Send Request Failed. WinHTTP Cannot Connect. last error code = 12029 
13:11:10:771 [WARN]	Request Failed. ErrorCode: 112029 errorMessage: Platform Status, Send Request Failed. WinHTTP Cannot Connect. last error code = 12029 
13:11:58:859 [WARN]	Request Failed. ErrorCode: 112029 errorMessage: Platform Status, Send Request Failed. WinHTTP Cannot Connect. last error code = 12029 
13:12:08:866 [WARN]	Request Failed. ErrorCode: 112029 errorMessage: Platform Status, Send Request Failed. WinHTTP Cannot Connect. last error code = 12029 
13:13:10:956 [WARN]	Request Failed. ErrorCode: 112029 errorMessage: Platform Status, Send Request Failed. WinHTTP Cannot Connect. last error code = 12029 
13:14:09:037 [WARN]	Request Failed. ErrorCode: 112029 errorMessage: Platform Status, Send Request Failed. WinHTTP Cannot Connect. last error code = 12029 
13:14:49:063 [WARN]	Request Failed. ErrorCode: 112029 errorMessage: Platform Status, Send Request Failed. WinHTTP Cannot Connect. last error code = 12029 
13:15:11:165 [WARN]	Request Failed. ErrorCode: 112029 errorMessage: Platform Status, Send Request Failed. WinHTTP Cannot Connect. last error code = 12029 
13:16:07:267 [WARN]	Request Failed. ErrorCode: 112029 errorMessage: Platform Status, Send Request Failed. WinHTTP Cannot Connect. last error code = 12029 
13:16:51:297 [WARN]	Request Failed. ErrorCode: 112029 errorMessage: Platform Status, Send Request Failed. WinHTTP Cannot Connect. last error code = 12029 
13:17:33:403 [WARN]	Request Failed. ErrorCode: 112029 errorMessage: Platform Status, Send Request Failed. WinHTTP Cannot Connect. last error code = 12029 
13:17:43:426 [WARN]	Request Failed. ErrorCode: 112029 errorMessage: Platform Status, Send Request Failed. WinHTTP Cannot Connect. last error code = 12029 
13:18:37:494 [WARN]	Request Failed. ErrorCode: 112029 errorMessage: Platform Status, Send Request Failed. WinHTTP Cannot Connect. last error code = 12029 
13:19:15:512 [WARN]	Request Failed. ErrorCode: 112029 errorMessage: Platform Status, Send Request Failed. WinHTTP Cannot Connect. last error code = 12029 
13:19:41:600 [WARN]	Request Failed. ErrorCode: 112029 errorMessage: Platform Status, Send Request Failed. WinHTTP Cannot Connect. last error code = 12029 
13:19:59:618 [WARN]	Request Failed. ErrorCode: 112029 errorMessage: Platform Status, Send Request Failed. WinHTTP Cannot Connect. last error code = 12029 
13:20:19:687 [WARN]	Request Failed. ErrorCode: 112029 errorMessage: Platform Status, Send Request Failed. WinHTTP Cannot Connect. last error code = 12029 
13:21:15:884 [WARN]	Request Failed. ErrorCode: 112029 errorMessage: Platform Status, Send Request Failed. WinHTTP Cannot Connect. last error code = 12029 
13:22:09:917 [WARN]	Request Failed. ErrorCode: 112029 errorMessage: Platform Status, Send Request Failed. WinHTTP Cannot Connect. last error code = 12029 
13:22:37:993 [WARN]	Request Failed. ErrorCode: 112029 errorMessage: Platform Status, Send Request Failed. WinHTTP Cannot Connect. last error code = 12029 
13:23:14:006 [WARN]	Request Failed. ErrorCode: 112029 errorMessage: Platform Status, Send Request Failed. WinHTTP Cannot Connect. last error code = 12029 
13:23:14:011 [WARN]	Request Failed. ErrorCode: 112029 errorMessage: Platform Status, Send Request Failed. WinHTTP Cannot Connect. last error code = 12029 
13:24:06:108 [WARN]	Request Failed. ErrorCode: 112029 errorMessage: Platform Status, Send Request Failed. WinHTTP Cannot Connect. last error code = 12029 
13:24:38:194 [WARN]	Request Failed. ErrorCode: 112029 errorMessage: Platform Status, Send Request Failed. WinHTTP Cannot Connect. last error code = 12029 
13:25:06:288 [WARN]	Request Failed. ErrorCode: 112029 errorMessage: Platform Status, Send Request Failed. WinHTTP Cannot Connect. last error code = 12029 
13:25:06:302 [WARN]	Request Failed. ErrorCode: 112029 errorMessage: Platform Status, Send Request Failed. WinHTTP Cannot Connect. last error code = 12029 
13:25:54:388 [WARN]	Request Failed. ErrorCode: 112029 errorMessage: Platform Status, Send Request Failed. WinHTTP Cannot Connect. last error code = 12029 
13:26:38:463 [WARN]	Request Failed. ErrorCode: 112029 errorMessage: Platform Status, Send Request Failed. WinHTTP Cannot Connect. last error code = 12029 
13:27:36:548 [WARN]	Request Failed. ErrorCode: 112029 errorMessage: Platform Status, Send Request Failed. WinHTTP Cannot Connect. last error code = 12029 
13:28:12:653 [WARN]	Request Failed. ErrorCode: 112029 errorMessage: Platform Status, Send Request Failed. WinHTTP Cannot Connect. last error code = 12029 
13:28:30:698 [WARN]	Request Failed. ErrorCode: 112029 errorMessage: Platform Status, Send Request Failed. WinHTTP Cannot Connect. last error code = 12029 
13:29:06:778 [WARN]	Request Failed. ErrorCode: 112029 errorMessage: Platform Status, Send Request Failed. WinHTTP Cannot Connect. last error code = 12029 
13:29:50:866 [WARN]	Request Failed. ErrorCode: 112029 errorMessage: Platform Status, Send Request Failed. WinHTTP Cannot Connect. last error code = 12029 
13:30:50:950 [WARN]	Request Failed. ErrorCode: 112029 errorMessage: Platform Status, Send Request Failed. WinHTTP Cannot Connect. last error code = 12029 
13:31:49:125 [WARN]	Request Failed. ErrorCode: 112029 errorMessage: Platform Status, Send Request Failed. WinHTTP Cannot Connect. last error code = 12029 
13:32:07:208 [WARN]	Request Failed. ErrorCode: 112029 errorMessage: Platform Status, Send Request Failed. WinHTTP Cannot Connect. last error code = 12029 
13:33:03:239 [WARN]	Request Failed. ErrorCode: 112029 errorMessage: Platform Status, Send Request Failed. WinHTTP Cannot Connect. last error code = 12029 
13:33:29:334 [WARN]	Request Failed. ErrorCode: 112029 errorMessage: Platform Status, Send Request Failed. WinHTTP Cannot Connect. last error code = 12029 
13:33:59:349 [WARN]	Request Failed. ErrorCode: 112029 errorMessage: Platform Status, Send Request Failed. WinHTTP Cannot Connect. last error code = 12029 
13:34:39:433 [WARN]	Request Failed. ErrorCode: 112029 errorMessage: Platform Status, Send Request Failed. WinHTTP Cannot Connect. last error code = 12029 
13:35:15:521 [WARN]	Request Failed. ErrorCode: 112029 errorMessage: Platform Status, Send Request Failed. WinHTTP Cannot Connect. last error code = 12029 
13:35:23:553 [WARN]	Request Failed. ErrorCode: 112029 errorMessage: Platform Status, Send Request Failed. WinHTTP Cannot Connect. last error code = 12029 
13:35:23:566 [WARN]	Request Failed. ErrorCode: 112029 errorMessage: Platform Status, Send Request Failed. WinHTTP Cannot Connect. last error code = 12029 
13:35:35:602 [WARN]	Request Failed. ErrorCode: 112029 errorMessage: Platform Status, Send Request Failed. WinHTTP Cannot Connect. last error code = 12029 
13:36:07:685 [WARN]	Request Failed. ErrorCode: 112029 errorMessage: Platform Status, Send Request Failed. WinHTTP Cannot Connect. last error code = 12029 
13:36:29:698 [WARN]	Request Failed. ErrorCode: 112029 errorMessage: Platform Status, Send Request Failed. WinHTTP Cannot Connect. last error code = 12029 
13:36:37:710 [WARN]	Request Failed. ErrorCode: 112029 errorMessage: Platform Status, Send Request Failed. WinHTTP Cannot Connect. last error code = 12029 
13:37:09:788 [WARN]	Request Failed. ErrorCode: 112029 errorMessage: Platform Status, Send Request Failed. WinHTTP Cannot Connect. last error code = 12029 
13:37:55:799 [WARN]	Request Failed. ErrorCode: 112029 errorMessage: Platform Status, Send Request Failed. WinHTTP Cannot Connect. last error code = 12029 
13:38:31:892 [WARN]	Request Failed. ErrorCode: 112029 errorMessage: Platform Status, Send Request Failed. WinHTTP Cannot Connect. last error code = 12029 
13:39:25:990 [WARN]	Request Failed. ErrorCode: 112029 errorMessage: Platform Status, Send Request Failed. WinHTTP Cannot Connect. last error code = 12029 
13:39:28:013 [WARN]	Request Failed. ErrorCode: 112029 errorMessage: Platform Status, Send Request Failed. WinHTTP Cannot Connect. last error code = 12029 
13:39:32:031 [WARN]	Request Failed. ErrorCode: 112029 errorMessage: Platform Status, Send Request Failed. WinHTTP Cannot Connect. last error code = 12029 
13:40:16:129 [WARN]	Request Failed. ErrorCode: 112029 errorMessage: Platform Status, Send Request Failed. WinHTTP Cannot Connect. last error code = 12029 
13:40:20:143 [WARN]	Request Failed. ErrorCode: 112029 errorMessage: Platform Status, Send Request Failed. WinHTTP Cannot Connect. last error code = 12029 
13:40:54:264 [WARN]	Request Failed. ErrorCode: 112029 errorMessage: Platform Status, Send Request Failed. WinHTTP Cannot Connect. last error code = 12029 
13:41:52:361 [WARN]	Request Failed. ErrorCode: 112029 errorMessage: Platform Status, Send Request Failed. WinHTTP Cannot Connect. last error code = 12029 
13:41:54:377 [WARN]	Request Failed. ErrorCode: 112029 errorMessage: Platform Status, Send Request Failed. WinHTTP Cannot Connect. last error code = 12029 
13:42:16:405 [WARN]	Request Failed. ErrorCode: 112029 errorMessage: Platform Status, Send Request Failed. WinHTTP Cannot Connect. last error code = 12029 
13:43:18:499 [WARN]	Request Failed. ErrorCode: 112029 errorMessage: Platform Status, Send Request Failed. WinHTTP Cannot Connect. last error code = 12029 
13:44:10:579 [WARN]	Request Failed. ErrorCode: 112029 errorMessage: Platform Status, Send Request Failed. WinHTTP Cannot Connect. last error code = 12029 
13:44:42:607 [WARN]	Request Failed. ErrorCode: 112029 errorMessage: Platform Status, Send Request Failed. WinHTTP Cannot Connect. last error code = 12029 
13:45:02:652 [WARN]	Request Failed. ErrorCode: 112029 errorMessage: Platform Status, Send Request Failed. WinHTTP Cannot Connect. last error code = 12029 
13:45:52:746 [WARN]	Request Failed. ErrorCode: 112029 errorMessage: Platform Status, Send Request Failed. WinHTTP Cannot Connect. last error code = 12029 
13:45:56:759 [WARN]	Request Failed. ErrorCode: 112029 errorMessage: Platform Status, Send Request Failed. WinHTTP Cannot Connect. last error code = 12029 
13:46:46:840 [WARN]	Request Failed. ErrorCode: 112029 errorMessage: Platform Status, Send Request Failed. WinHTTP Cannot Connect. last error code = 12029 
13:47:22:920 [WARN]	Request Failed. ErrorCode: 112029 errorMessage: Platform Status, Send Request Failed. WinHTTP Cannot Connect. last error code = 12029 
13:48:21:005 [WARN]	Request Failed. ErrorCode: 112029 errorMessage: Platform Status, Send Request Failed. WinHTTP Cannot Connect. last error code = 12029 
13:48:39:026 [WARN]	Request Failed. ErrorCode: 112029 errorMessage: Platform Status, Send Request Failed. WinHTTP Cannot Connect. last error code = 12029 
13:49:03:032 [WARN]	Request Failed. ErrorCode: 112029 errorMessage: Platform Status, Send Request Failed. WinHTTP Cannot Connect. last error code = 12029 
13:49:03:037 [WARN]	Request Failed. ErrorCode: 112029 errorMessage: Platform Status, Send Request Failed. WinHTTP Cannot Connect. last error code = 12029 
13:50:03:123 [WARN]	Request Failed. ErrorCode: 112029 errorMessage: Platform Status, Send Request Failed. WinHTTP Cannot Connect. last error code = 12029 
13:50:13:144 [WARN]	Request Failed. ErrorCode: 112029 errorMessage: Platform Status, Send Request Failed. WinHTTP Cannot Connect. last error code = 12029 
13:51:03:224 [WARN]	Request Failed. ErrorCode: 112029 errorMessage: Platform Status, Send Request Failed. WinHTTP Cannot Connect. last error code = 12029 
13:51:45:322 [WARN]	Request Failed. ErrorCode: 112029 errorMessage: Platform Status, Send Request Failed. WinHTTP Cannot Connect. last error code = 12029 
13:52:03:372 [WARN]	Request Failed. ErrorCode: 112029 errorMessage: Platform Status, Send Request Failed. WinHTTP Cannot Connect. last error code = 12029 
13:52:03:382 [WARN]	Request Failed. ErrorCode: 112029 errorMessage: Platform Status, Send Request Failed. WinHTTP Cannot Connect. last error code = 12029 
13:52:39:466 [WARN]	Request Failed. ErrorCode: 112029 errorMessage: Platform Status, Send Request Failed. WinHTTP Cannot Connect. last error code = 12029 
13:52:59:488 [WARN]	Request Failed. ErrorCode: 112029 errorMessage: Platform Status, Send Request Failed. WinHTTP Cannot Connect. last error code = 12029 
13:53:17:528 [WARN]	Request Failed. ErrorCode: 112029 errorMessage: Platform Status, Send Request Failed. WinHTTP Cannot Connect. last error code = 12029 
13:53:41:605 [WARN]	Request Failed. ErrorCode: 112029 errorMessage: Platform Status, Send Request Failed. WinHTTP Cannot Connect. last error code = 12029 
13:54:19:645 [WARN]	Request Failed. ErrorCode: 112029 errorMessage: Platform Status, Send Request Failed. WinHTTP Cannot Connect. last error code = 12029 
13:55:21:757 [WARN]	Request Failed. ErrorCode: 112029 errorMessage: Platform Status, Send Request Failed. WinHTTP Cannot Connect. last error code = 12029 
13:55:35:837 [WARN]	Request Failed. ErrorCode: 112029 errorMessage: Platform Status, Send Request Failed. WinHTTP Cannot Connect. last error code = 12029 
13:56:19:926 [WARN]	Request Failed. ErrorCode: 112029 errorMessage: Platform Status, Send Request Failed. WinHTTP Cannot Connect. last error code = 12029 
13:57:22:010 [WARN]	Request Failed. ErrorCode: 112029 errorMessage: Platform Status, Send Request Failed. WinHTTP Cannot Connect. last error code = 12029 
13:58:02:093 [WARN]	Request Failed. ErrorCode: 112029 errorMessage: Platform Status, Send Request Failed. WinHTTP Cannot Connect. last error code = 12029 
13:58:46:168 [WARN]	Request Failed. ErrorCode: 112029 errorMessage: Platform Status, Send Request Failed. WinHTTP Cannot Connect. last error code = 12029 
13:59:46:244 [WARN]	Request Failed. ErrorCode: 112029 errorMessage: Platform Status, Send Request Failed. WinHTTP Cannot Connect. last error code = 12029 
14:00:12:263 [WARN]	Request Failed. ErrorCode: 112029 errorMessage: Platform Status, Send Request Failed. WinHTTP Cannot Connect. last error code = 12029 
14:01:08:343 [WARN]	Request Failed. ErrorCode: 112029 errorMessage: Platform Status, Send Request Failed. WinHTTP Cannot Connect. last error code = 12029 
14:01:36:362 [WARN]	Request Failed. ErrorCode: 112029 errorMessage: Platform Status, Send Request Failed. WinHTTP Cannot Connect. last error code = 12029 
14:01:48:447 [WARN]	Request Failed. ErrorCode: 112029 errorMessage: Platform Status, Send Request Failed. WinHTTP Cannot Connect. last error code = 12029 
14:01:54:473 [WARN]	Request Failed. ErrorCode: 112029 errorMessage: Platform Status, Send Request Failed. WinHTTP Cannot Connect. last error code = 12029 
14:02:24:500 [WARN]	Request Failed. ErrorCode: 112029 errorMessage: Platform Status, Send Request Failed. WinHTTP Cannot Connect. last error code = 12029 
14:03:10:582 [WARN]	Request Failed. ErrorCode: 112029 errorMessage: Platform Status, Send Request Failed. WinHTTP Cannot Connect. last error code = 12029 
14:03:28:604 [WARN]	Request Failed. ErrorCode: 112029 errorMessage: Platform Status, Send Request Failed. WinHTTP Cannot Connect. last error code = 12029 
14:03:30:631 [WARN]	Request Failed. ErrorCode: 112029 errorMessage: Platform Status, Send Request Failed. WinHTTP Cannot Connect. last error code = 12029 
14:04:32:708 [WARN]	Request Failed. ErrorCode: 112029 errorMessage: Platform Status, Send Request Failed. WinHTTP Cannot Connect. last error code = 12029 
14:04:50:720 [WARN]	Request Failed. ErrorCode: 112029 errorMessage: Platform Status, Send Request Failed. WinHTTP Cannot Connect. last error code = 12029 
14:05:20:757 [WARN]	Request Failed. ErrorCode: 112029 errorMessage: Platform Status, Send Request Failed. WinHTTP Cannot Connect. last error code = 12029 
14:05:22:833 [WARN]	Request Failed. ErrorCode: 112029 errorMessage: Platform Status, Send Request Failed. WinHTTP Cannot Connect. last error code = 12029 
15:27:04:981 [WARN]	Request Failed. ErrorCode: 112029 errorMessage: Platform Status, Send Request Failed. WinHTTP Cannot Connect. last error code = 12029 
15:27:39:002 [WARN]	Request Failed. ErrorCode: 112029 errorMessage: Platform Status, Send Request Failed. WinHTTP Cannot Connect. last error code = 12029 
15:28:39:098 [WARN]	Request Failed. ErrorCode: 112029 errorMessage: Platform Status, Send Request Failed. WinHTTP Cannot Connect. last error code = 12029 
15:29:37:184 [WARN]	Request Failed. ErrorCode: 112029 errorMessage: Platform Status, Send Request Failed. WinHTTP Cannot Connect. last error code = 12029 
15:30:33:286 [WARN]	Request Failed. ErrorCode: 112029 errorMessage: Platform Status, Send Request Failed. WinHTTP Cannot Connect. last error code = 12029 
15:31:17:436 [WARN]	Request Failed. ErrorCode: 112029 errorMessage: Platform Status, Send Request Failed. WinHTTP Cannot Connect. last error code = 12029 
15:31:53:459 [WARN]	Request Failed. ErrorCode: 112029 errorMessage: Platform Status, Send Request Failed. WinHTTP Cannot Connect. last error code = 12029 
15:32:29:543 [WARN]	Request Failed. ErrorCode: 112029 errorMessage: Platform Status, Send Request Failed. WinHTTP Cannot Connect. last error code = 12029 
15:32:41:559 [WARN]	Request Failed. ErrorCode: 112029 errorMessage: Platform Status, Send Request Failed. WinHTTP Cannot Connect. last error code = 12029 
15:33:39:662 [WARN]	Request Failed. ErrorCode: 112029 errorMessage: Platform Status, Send Request Failed. WinHTTP Cannot Connect. last error code = 12029 
15:34:11:677 [WARN]	Request Failed. ErrorCode: 112029 errorMessage: Platform Status, Send Request Failed. WinHTTP Cannot Connect. last error code = 12029 
15:34:19:689 [WARN]	Request Failed. ErrorCode: 112029 errorMessage: Platform Status, Send Request Failed. WinHTTP Cannot Connect. last error code = 12029 
15:34:49:776 [WARN]	Request Failed. ErrorCode: 112029 errorMessage: Platform Status, Send Request Failed. WinHTTP Cannot Connect. last error code = 12029 
15:35:09:793 [WARN]	Request Failed. ErrorCode: 112029 errorMessage: Platform Status, Send Request Failed. WinHTTP Cannot Connect. last error code = 12029 
15:35:56:230 [WARN]	Request Failed. ErrorCode: 112029 errorMessage: Platform Status, Send Request Failed. WinHTTP Cannot Connect. last error code = 12029 
15:36:00:247 [WARN]	Request Failed. ErrorCode: 112029 errorMessage: Platform Status, Send Request Failed. WinHTTP Cannot Connect. last error code = 12029 
15:36:46:266 [WARN]	Request Failed. ErrorCode: 112029 errorMessage: Platform Status, Send Request Failed. WinHTTP Cannot Connect. last error code = 12029 
15:37:02:364 [WARN]	Request Failed. ErrorCode: 112029 errorMessage: Platform Status, Send Request Failed. WinHTTP Cannot Connect. last error code = 12029 
15:37:52:463 [WARN]	Request Failed. ErrorCode: 112029 errorMessage: Platform Status, Send Request Failed. WinHTTP Cannot Connect. last error code = 12029 
15:38:16:553 [WARN]	Request Failed. ErrorCode: 112029 errorMessage: Platform Status, Send Request Failed. WinHTTP Cannot Connect. last error code = 12029 
15:38:54:643 [WARN]	Request Failed. ErrorCode: 112029 errorMessage: Platform Status, Send Request Failed. WinHTTP Cannot Connect. last error code = 12029 
15:39:16:661 [WARN]	Request Failed. ErrorCode: 112029 errorMessage: Platform Status, Send Request Failed. WinHTTP Cannot Connect. last error code = 12029 
15:39:34:741 [WARN]	Request Failed. ErrorCode: 112029 errorMessage: Platform Status, Send Request Failed. WinHTTP Cannot Connect. last error code = 12029 
15:40:10:750 [WARN]	Request Failed. ErrorCode: 112029 errorMessage: Platform Status, Send Request Failed. WinHTTP Cannot Connect. last error code = 12029 
15:41:10:863 [WARN]	Request Failed. ErrorCode: 112029 errorMessage: Platform Status, Send Request Failed. WinHTTP Cannot Connect. last error code = 12029 
15:41:48:895 [WARN]	Request Failed. ErrorCode: 112029 errorMessage: Platform Status, Send Request Failed. WinHTTP Cannot Connect. last error code = 12029 
15:42:28:981 [WARN]	Request Failed. ErrorCode: 112029 errorMessage: Platform Status, Send Request Failed. WinHTTP Cannot Connect. last error code = 12029 
15:43:29:057 [WARN]	Request Failed. ErrorCode: 112029 errorMessage: Platform Status, Send Request Failed. WinHTTP Cannot Connect. last error code = 12029 
15:43:53:137 [WARN]	Request Failed. ErrorCode: 112029 errorMessage: Platform Status, Send Request Failed. WinHTTP Cannot Connect. last error code = 12029 
15:44:33:253 [WARN]	Request Failed. ErrorCode: 112029 errorMessage: Platform Status, Send Request Failed. WinHTTP Cannot Connect. last error code = 12029 
15:45:15:331 [WARN]	Request Failed. ErrorCode: 112029 errorMessage: Platform Status, Send Request Failed. WinHTTP Cannot Connect. last error code = 12029 
15:45:55:347 [WARN]	Request Failed. ErrorCode: 112029 errorMessage: Platform Status, Send Request Failed. WinHTTP Cannot Connect. last error code = 12029 
15:46:57:435 [WARN]	Request Failed. ErrorCode: 112029 errorMessage: Platform Status, Send Request Failed. WinHTTP Cannot Connect. last error code = 12029 
15:47:37:539 [WARN]	Request Failed. ErrorCode: 112029 errorMessage: Platform Status, Send Request Failed. WinHTTP Cannot Connect. last error code = 12029 
15:47:45:551 [WARN]	Request Failed. ErrorCode: 112029 errorMessage: Platform Status, Send Request Failed. WinHTTP Cannot Connect. last error code = 12029 
15:48:35:629 [WARN]	Request Failed. ErrorCode: 112029 errorMessage: Platform Status, Send Request Failed. WinHTTP Cannot Connect. last error code = 12029 
15:49:35:713 [WARN]	Request Failed. ErrorCode: 112029 errorMessage: Platform Status, Send Request Failed. WinHTTP Cannot Connect. last error code = 12029 
15:50:17:796 [WARN]	Request Failed. ErrorCode: 112029 errorMessage: Platform Status, Send Request Failed. WinHTTP Cannot Connect. last error code = 12029 
15:50:47:819 [WARN]	Request Failed. ErrorCode: 112029 errorMessage: Platform Status, Send Request Failed. WinHTTP Cannot Connect. last error code = 12029 
15:51:23:963 [WARN]	Request Failed. ErrorCode: 112029 errorMessage: Platform Status, Send Request Failed. WinHTTP Cannot Connect. last error code = 12029 
15:51:27:985 [WARN]	Request Failed. ErrorCode: 112029 errorMessage: Platform Status, Send Request Failed. WinHTTP Cannot Connect. last error code = 12029 
15:52:08:097 [WARN]	Request Failed. ErrorCode: 112029 errorMessage: Platform Status, Send Request Failed. WinHTTP Cannot Connect. last error code = 12029 
15:52:32:131 [WARN]	Request Failed. ErrorCode: 112029 errorMessage: Platform Status, Send Request Failed. WinHTTP Cannot Connect. last error code = 12029 
15:53:02:219 [WARN]	Request Failed. ErrorCode: 112029 errorMessage: Platform Status, Send Request Failed. WinHTTP Cannot Connect. last error code = 12029 
15:53:40:240 [WARN]	Request Failed. ErrorCode: 112029 errorMessage: Platform Status, Send Request Failed. WinHTTP Cannot Connect. last error code = 12029 
15:54:13:135 [WARN]	Request Failed. ErrorCode: 112029 errorMessage: Platform Status, Send Request Failed. WinHTTP Cannot Connect. last error code = 12029 
15:54:39:176 [WARN]	Request Failed. ErrorCode: 112029 errorMessage: Platform Status, Send Request Failed. WinHTTP Cannot Connect. last error code = 12029 
15:54:55:202 [WARN]	Request Failed. ErrorCode: 112029 errorMessage: Platform Status, Send Request Failed. WinHTTP Cannot Connect. last error code = 12029 
15:55:33:291 [WARN]	Request Failed. ErrorCode: 112029 errorMessage: Platform Status, Send Request Failed. WinHTTP Cannot Connect. last error code = 12029 
15:56:03:379 [WARN]	Request Failed. ErrorCode: 112029 errorMessage: Platform Status, Send Request Failed. WinHTTP Cannot Connect. last error code = 12029 
15:56:45:396 [WARN]	Request Failed. ErrorCode: 112029 errorMessage: Platform Status, Send Request Failed. WinHTTP Cannot Connect. last error code = 12029 
15:56:57:406 [WARN]	Request Failed. ErrorCode: 112029 errorMessage: Platform Status, Send Request Failed. WinHTTP Cannot Connect. last error code = 12029 
15:57:47:493 [WARN]	Request Failed. ErrorCode: 112029 errorMessage: Platform Status, Send Request Failed. WinHTTP Cannot Connect. last error code = 12029 
15:58:45:519 [WARN]	Request Failed. ErrorCode: 112029 errorMessage: Platform Status, Send Request Failed. WinHTTP Cannot Connect. last error code = 12029 
15:59:05:600 [WARN]	Request Failed. ErrorCode: 112029 errorMessage: Platform Status, Send Request Failed. WinHTTP Cannot Connect. last error code = 12029 
15:59:15:624 [WARN]	Request Failed. ErrorCode: 112029 errorMessage: Platform Status, Send Request Failed. WinHTTP Cannot Connect. last error code = 12029 
15:59:15:629 [WARN]	Request Failed. ErrorCode: 112029 errorMessage: Platform Status, Send Request Failed. WinHTTP Cannot Connect. last error code = 12029 
16:00:01:657 [WARN]	Request Failed. ErrorCode: 112029 errorMessage: Platform Status, Send Request Failed. WinHTTP Cannot Connect. last error code = 12029 
16:00:23:741 [WARN]	Request Failed. ErrorCode: 112029 errorMessage: Platform Status, Send Request Failed. WinHTTP Cannot Connect. last error code = 12029 
16:01:11:837 [WARN]	Request Failed. ErrorCode: 112029 errorMessage: Platform Status, Send Request Failed. WinHTTP Cannot Connect. last error code = 12029 
16:01:13:847 [WARN]	Request Failed. ErrorCode: 112029 errorMessage: Platform Status, Send Request Failed. WinHTTP Cannot Connect. last error code = 12029 
16:01:27:861 [WARN]	Request Failed. ErrorCode: 112029 errorMessage: Platform Status, Send Request Failed. WinHTTP Cannot Connect. last error code = 12029 
16:01:35:876 [WARN]	Request Failed. ErrorCode: 112029 errorMessage: Platform Status, Send Request Failed. WinHTTP Cannot Connect. last error code = 12029 
16:02:03:910 [WARN]	Request Failed. ErrorCode: 112029 errorMessage: Platform Status, Send Request Failed. WinHTTP Cannot Connect. last error code = 12029 
16:03:05:993 [WARN]	Request Failed. ErrorCode: 112029 errorMessage: Platform Status, Send Request Failed. WinHTTP Cannot Connect. last error code = 12029 
16:03:38:087 [WARN]	Request Failed. ErrorCode: 112029 errorMessage: Platform Status, Send Request Failed. WinHTTP Cannot Connect. last error code = 12029 
16:03:38:091 [WARN]	Request Failed. ErrorCode: 112029 errorMessage: Platform Status, Send Request Failed. WinHTTP Cannot Connect. last error code = 12029 
16:04:18:167 [WARN]	Request Failed. ErrorCode: 112029 errorMessage: Platform Status, Send Request Failed. WinHTTP Cannot Connect. last error code = 12029 
16:04:20:196 [WARN]	Request Failed. ErrorCode: 112029 errorMessage: Platform Status, Send Request Failed. WinHTTP Cannot Connect. last error code = 12029 
16:04:46:219 [WARN]	Request Failed. ErrorCode: 112029 errorMessage: Platform Status, Send Request Failed. WinHTTP Cannot Connect. last error code = 12029 
16:05:46:300 [WARN]	Request Failed. ErrorCode: 112029 errorMessage: Platform Status, Send Request Failed. WinHTTP Cannot Connect. last error code = 12029 
16:06:40:386 [WARN]	Request Failed. ErrorCode: 112029 errorMessage: Platform Status, Send Request Failed. WinHTTP Cannot Connect. last error code = 12029 
16:06:50:406 [WARN]	Request Failed. ErrorCode: 112029 errorMessage: Platform Status, Send Request Failed. WinHTTP Cannot Connect. last error code = 12029 
16:07:32:489 [WARN]	Request Failed. ErrorCode: 112029 errorMessage: Platform Status, Send Request Failed. WinHTTP Cannot Connect. last error code = 12029 
16:07:46:510 [WARN]	Request Failed. ErrorCode: 112029 errorMessage: Platform Status, Send Request Failed. WinHTTP Cannot Connect. last error code = 12029 
16:08:40:594 [WARN]	Request Failed. ErrorCode: 112029 errorMessage: Platform Status, Send Request Failed. WinHTTP Cannot Connect. last error code = 12029 
16:09:18:611 [WARN]	Request Failed. ErrorCode: 112029 errorMessage: Platform Status, Send Request Failed. WinHTTP Cannot Connect. last error code = 12029 
16:09:22:624 [WARN]	Request Failed. ErrorCode: 112029 errorMessage: Platform Status, Send Request Failed. WinHTTP Cannot Connect. last error code = 12029 
16:10:24:744 [WARN]	Request Failed. ErrorCode: 112029 errorMessage: Platform Status, Send Request Failed. WinHTTP Cannot Connect. last error code = 12029 
16:11:12:811 [WARN]	Request Failed. ErrorCode: 112029 errorMessage: Platform Status, Send Request Failed. WinHTTP Cannot Connect. last error code = 12029 
16:11:44:894 [WARN]	Request Failed. ErrorCode: 112029 errorMessage: Platform Status, Send Request Failed. WinHTTP Cannot Connect. last error code = 12029 
16:12:20:980 [WARN]	Request Failed. ErrorCode: 112029 errorMessage: Platform Status, Send Request Failed. WinHTTP Cannot Connect. last error code = 12029 
16:13:13:068 [WARN]	Request Failed. ErrorCode: 112029 errorMessage: Platform Status, Send Request Failed. WinHTTP Cannot Connect. last error code = 12029 
16:13:21:085 [WARN]	Request Failed. ErrorCode: 112029 errorMessage: Platform Status, Send Request Failed. WinHTTP Cannot Connect. last error code = 12029 
16:14:01:114 [WARN]	Request Failed. ErrorCode: 112029 errorMessage: Platform Status, Send Request Failed. WinHTTP Cannot Connect. last error code = 12029 
16:14:29:189 [WARN]	Request Failed. ErrorCode: 112029 errorMessage: Platform Status, Send Request Failed. WinHTTP Cannot Connect. last error code = 12029 
16:15:03:291 [WARN]	Request Failed. ErrorCode: 112029 errorMessage: Platform Status, Send Request Failed. WinHTTP Cannot Connect. last error code = 12029 
16:15:13:310 [WARN]	Request Failed. ErrorCode: 112029 errorMessage: Platform Status, Send Request Failed. WinHTTP Cannot Connect. last error code = 12029 
16:16:13:393 [WARN]	Request Failed. ErrorCode: 112029 errorMessage: Platform Status, Send Request Failed. WinHTTP Cannot Connect. last error code = 12029 
16:16:31:420 [WARN]	Request Failed. ErrorCode: 112029 errorMessage: Platform Status, Send Request Failed. WinHTTP Cannot Connect. last error code = 12029 
16:17:13:488 [WARN]	Request Failed. ErrorCode: 112029 errorMessage: Platform Status, Send Request Failed. WinHTTP Cannot Connect. last error code = 12029 
16:18:01:562 [WARN]	Request Failed. ErrorCode: 112029 errorMessage: Platform Status, Send Request Failed. WinHTTP Cannot Connect. last error code = 12029 
16:18:13:641 [WARN]	Request Failed. ErrorCode: 112029 errorMessage: Platform Status, Send Request Failed. WinHTTP Cannot Connect. last error code = 12029 
16:18:33:666 [WARN]	Request Failed. ErrorCode: 112029 errorMessage: Platform Status, Send Request Failed. WinHTTP Cannot Connect. last error code = 12029 
16:18:41:739 [WARN]	Request Failed. ErrorCode: 112029 errorMessage: Platform Status, Send Request Failed. WinHTTP Cannot Connect. last error code = 12029 
16:19:25:761 [WARN]	Request Failed. ErrorCode: 112029 errorMessage: Platform Status, Send Request Failed. WinHTTP Cannot Connect. last error code = 12029 
16:20:03:885 [WARN]	Request Failed. ErrorCode: 112029 errorMessage: Platform Status, Send Request Failed. WinHTTP Cannot Connect. last error code = 12029 
16:20:31:904 [WARN]	Request Failed. ErrorCode: 112029 errorMessage: Platform Status, Send Request Failed. WinHTTP Cannot Connect. last error code = 12029 
16:21:22:001 [WARN]	Request Failed. ErrorCode: 112029 errorMessage: Platform Status, Send Request Failed. WinHTTP Cannot Connect. last error code = 12029 
16:22:06:098 [WARN]	Request Failed. ErrorCode: 112029 errorMessage: Platform Status, Send Request Failed. WinHTTP Cannot Connect. last error code = 12029 
16:22:36:221 [WARN]	Request Failed. ErrorCode: 112029 errorMessage: Platform Status, Send Request Failed. WinHTTP Cannot Connect. last error code = 12029 
16:22:50:345 [WARN]	Request Failed. ErrorCode: 112029 errorMessage: Platform Status, Send Request Failed. WinHTTP Cannot Connect. last error code = 12029 
16:23:06:381 [WARN]	Request Failed. ErrorCode: 112029 errorMessage: Platform Status, Send Request Failed. WinHTTP Cannot Connect. last error code = 12029 
16:23:46:461 [WARN]	Request Failed. ErrorCode: 112029 errorMessage: Platform Status, Send Request Failed. WinHTTP Cannot Connect. last error code = 12029 
16:24:32:468 [WARN]	Request Failed. ErrorCode: 112029 errorMessage: Platform Status, Send Request Failed. WinHTTP Cannot Connect. last error code = 12029 
16:24:52:564 [WARN]	Request Failed. ErrorCode: 112029 errorMessage: Platform Status, Send Request Failed. WinHTTP Cannot Connect. last error code = 12029 
16:25:12:595 [WARN]	Request Failed. ErrorCode: 112029 errorMessage: Platform Status, Send Request Failed. WinHTTP Cannot Connect. last error code = 12029 
16:25:44:619 [WARN]	Request Failed. ErrorCode: 112029 errorMessage: Platform Status, Send Request Failed. WinHTTP Cannot Connect. last error code = 12029 
16:26:30:687 [WARN]	Request Failed. ErrorCode: 112029 errorMessage: Platform Status, Send Request Failed. WinHTTP Cannot Connect. last error code = 12029 
16:26:46:696 [WARN]	Request Failed. ErrorCode: 112029 errorMessage: Platform Status, Send Request Failed. WinHTTP Cannot Connect. last error code = 12029 
16:27:30:778 [WARN]	Request Failed. ErrorCode: 112029 errorMessage: Platform Status, Send Request Failed. WinHTTP Cannot Connect. last error code = 12029 
16:28:22:866 [WARN]	Request Failed. ErrorCode: 112029 errorMessage: Platform Status, Send Request Failed. WinHTTP Cannot Connect. last error code = 12029 
16:29:06:963 [WARN]	Request Failed. ErrorCode: 112029 errorMessage: Platform Status, Send Request Failed. WinHTTP Cannot Connect. last error code = 12029 
16:30:01:448 [WARN]	Request Failed. ErrorCode: 112029 errorMessage: Platform Status, Send Request Failed. WinHTTP Cannot Connect. last error code = 12029 
16:30:35:516 [WARN]	Request Failed. ErrorCode: 112029 errorMessage: Platform Status, Send Request Failed. WinHTTP Cannot Connect. last error code = 12029 
16:31:01:532 [WARN]	Request Failed. ErrorCode: 112029 errorMessage: Platform Status, Send Request Failed. WinHTTP Cannot Connect. last error code = 12029 
16:31:29:547 [WARN]	Request Failed. ErrorCode: 112029 errorMessage: Platform Status, Send Request Failed. WinHTTP Cannot Connect. last error code = 12029 
16:31:37:607 [WARN]	Request Failed. ErrorCode: 112029 errorMessage: Platform Status, Send Request Failed. WinHTTP Cannot Connect. last error code = 12029 
16:31:53:640 [WARN]	Request Failed. ErrorCode: 112029 errorMessage: Platform Status, Send Request Failed. WinHTTP Cannot Connect. last error code = 12029 
16:32:43:722 [WARN]	Request Failed. ErrorCode: 112029 errorMessage: Platform Status, Send Request Failed. WinHTTP Cannot Connect. last error code = 12029 
16:33:43:809 [WARN]	Request Failed. ErrorCode: 112029 errorMessage: Platform Status, Send Request Failed. WinHTTP Cannot Connect. last error code = 12029 
16:34:19:904 [WARN]	Request Failed. ErrorCode: 112029 errorMessage: Platform Status, Send Request Failed. WinHTTP Cannot Connect. last error code = 12029 
16:35:14:008 [WARN]	Request Failed. ErrorCode: 112029 errorMessage: Platform Status, Send Request Failed. WinHTTP Cannot Connect. last error code = 12029 
16:35:24:113 [WARN]	Request Failed. ErrorCode: 112029 errorMessage: Platform Status, Send Request Failed. WinHTTP Cannot Connect. last error code = 12029 
16:35:30:147 [WARN]	Request Failed. ErrorCode: 112029 errorMessage: Platform Status, Send Request Failed. WinHTTP Cannot Connect. last error code = 12029 
16:35:40:168 [WARN]	Request Failed. ErrorCode: 112029 errorMessage: Platform Status, Send Request Failed. WinHTTP Cannot Connect. last error code = 12029 
16:36:36:252 [WARN]	Request Failed. ErrorCode: 112029 errorMessage: Platform Status, Send Request Failed. WinHTTP Cannot Connect. last error code = 12029 
16:37:16:368 [WARN]	Request Failed. ErrorCode: 112029 errorMessage: Platform Status, Send Request Failed. WinHTTP Cannot Connect. last error code = 12029 
16:37:26:382 [WARN]	Request Failed. ErrorCode: 112029 errorMessage: Platform Status, Send Request Failed. WinHTTP Cannot Connect. last error code = 12029 
16:38:04:484 [WARN]	Request Failed. ErrorCode: 112029 errorMessage: Platform Status, Send Request Failed. WinHTTP Cannot Connect. last error code = 12029 
16:38:52:577 [WARN]	Request Failed. ErrorCode: 112029 errorMessage: Platform Status, Send Request Failed. WinHTTP Cannot Connect. last error code = 12029 
16:39:08:674 [WARN]	Request Failed. ErrorCode: 112029 errorMessage: Platform Status, Send Request Failed. WinHTTP Cannot Connect. last error code = 12029 
16:39:36:751 [WARN]	Request Failed. ErrorCode: 112029 errorMessage: Platform Status, Send Request Failed. WinHTTP Cannot Connect. last error code = 12029 
16:39:58:767 [WARN]	Request Failed. ErrorCode: 112029 errorMessage: Platform Status, Send Request Failed. WinHTTP Cannot Connect. last error code = 12029 
16:40:40:847 [WARN]	Request Failed. ErrorCode: 112029 errorMessage: Platform Status, Send Request Failed. WinHTTP Cannot Connect. last error code = 12029 
16:40:50:888 [WARN]	Request Failed. ErrorCode: 112029 errorMessage: Platform Status, Send Request Failed. WinHTTP Cannot Connect. last error code = 12029 
16:40:50:893 [WARN]	Request Failed. ErrorCode: 112029 errorMessage: Platform Status, Send Request Failed. WinHTTP Cannot Connect. last error code = 12029 
16:41:40:959 [WARN]	Request Failed. ErrorCode: 112029 errorMessage: Platform Status, Send Request Failed. WinHTTP Cannot Connect. last error code = 12029 
16:42:39:036 [WARN]	Request Failed. ErrorCode: 112029 errorMessage: Platform Status, Send Request Failed. WinHTTP Cannot Connect. last error code = 12029 
16:43:25:062 [WARN]	Request Failed. ErrorCode: 112029 errorMessage: Platform Status, Send Request Failed. WinHTTP Cannot Connect. last error code = 12029 
16:43:39:156 [WARN]	Request Failed. ErrorCode: 112029 errorMessage: Platform Status, Send Request Failed. WinHTTP Cannot Connect. last error code = 12029 
16:43:59:175 [WARN]	Request Failed. ErrorCode: 112029 errorMessage: Platform Status, Send Request Failed. WinHTTP Cannot Connect. last error code = 12029 
16:44:49:255 [WARN]	Request Failed. ErrorCode: 112029 errorMessage: Platform Status, Send Request Failed. WinHTTP Cannot Connect. last error code = 12029 
16:45:33:282 [WARN]	Request Failed. ErrorCode: 112029 errorMessage: Platform Status, Send Request Failed. WinHTTP Cannot Connect. last error code = 12029 
16:45:59:361 [WARN]	Request Failed. ErrorCode: 112029 errorMessage: Platform Status, Send Request Failed. WinHTTP Cannot Connect. last error code = 12029 
16:46:31:406 [WARN]	Request Failed. ErrorCode: 112029 errorMessage: Platform Status, Send Request Failed. WinHTTP Cannot Connect. last error code = 12029 
16:46:35:434 [WARN]	Request Failed. ErrorCode: 112029 errorMessage: Platform Status, Send Request Failed. WinHTTP Cannot Connect. last error code = 12029 
16:46:53:549 [WARN]	Request Failed. ErrorCode: 112029 errorMessage: Platform Status, Send Request Failed. WinHTTP Cannot Connect. last error code = 12029 
16:47:19:565 [WARN]	Request Failed. ErrorCode: 112029 errorMessage: Platform Status, Send Request Failed. WinHTTP Cannot Connect. last error code = 12029 
16:47:35:581 [WARN]	Request Failed. ErrorCode: 112029 errorMessage: Platform Status, Send Request Failed. WinHTTP Cannot Connect. last error code = 12029 
16:48:15:670 [WARN]	Request Failed. ErrorCode: 112029 errorMessage: Platform Status, Send Request Failed. WinHTTP Cannot Connect. last error code = 12029 
16:48:33:698 [WARN]	Request Failed. ErrorCode: 112029 errorMessage: Platform Status, Send Request Failed. WinHTTP Cannot Connect. last error code = 12029 
16:48:53:723 [WARN]	Request Failed. ErrorCode: 112029 errorMessage: Platform Status, Send Request Failed. WinHTTP Cannot Connect. last error code = 12029 
16:49:43:817 [WARN]	Request Failed. ErrorCode: 112029 errorMessage: Platform Status, Send Request Failed. WinHTTP Cannot Connect. last error code = 12029 
16:49:53:841 [WARN]	Request Failed. ErrorCode: 112029 errorMessage: Platform Status, Send Request Failed. WinHTTP Cannot Connect. last error code = 12029 
16:50:09:864 [WARN]	Request Failed. ErrorCode: 112029 errorMessage: Platform Status, Send Request Failed. WinHTTP Cannot Connect. last error code = 12029 
16:50:11:890 [WARN]	Request Failed. ErrorCode: 112029 errorMessage: Platform Status, Send Request Failed. WinHTTP Cannot Connect. last error code = 12029 
16:50:11:897 [WARN]	Request Failed. ErrorCode: 112029 errorMessage: Platform Status, Send Request Failed. WinHTTP Cannot Connect. last error code = 12029 
16:50:51:974 [WARN]	Request Failed. ErrorCode: 112029 errorMessage: Platform Status, Send Request Failed. WinHTTP Cannot Connect. last error code = 12029 
16:51:25:989 [WARN]	Request Failed. ErrorCode: 112029 errorMessage: Platform Status, Send Request Failed. WinHTTP Cannot Connect. last error code = 12029 
16:52:20:080 [WARN]	Request Failed. ErrorCode: 112029 errorMessage: Platform Status, Send Request Failed. WinHTTP Cannot Connect. last error code = 12029 
16:52:40:092 [WARN]	Request Failed. ErrorCode: 112029 errorMessage: Platform Status, Send Request Failed. WinHTTP Cannot Connect. last error code = 12029 
16:52:50:101 [WARN]	Request Failed. ErrorCode: 112029 errorMessage: Platform Status, Send Request Failed. WinHTTP Cannot Connect. last error code = 12029 
16:53:24:192 [WARN]	Request Failed. ErrorCode: 112029 errorMessage: Platform Status, Send Request Failed. WinHTTP Cannot Connect. last error code = 12029 
16:53:40:214 [WARN]	Request Failed. ErrorCode: 112029 errorMessage: Platform Status, Send Request Failed. WinHTTP Cannot Connect. last error code = 12029 
16:53:42:239 [WARN]	Request Failed. ErrorCode: 112029 errorMessage: Platform Status, Send Request Failed. WinHTTP Cannot Connect. last error code = 12029 
16:54:06:333 [WARN]	Request Failed. ErrorCode: 112029 errorMessage: Platform Status, Send Request Failed. WinHTTP Cannot Connect. last error code = 12029 
16:54:50:356 [WARN]	Request Failed. ErrorCode: 112029 errorMessage: Platform Status, Send Request Failed. WinHTTP Cannot Connect. last error code = 12029 
16:55:08:443 [WARN]	Request Failed. ErrorCode: 112029 errorMessage: Platform Status, Send Request Failed. WinHTTP Cannot Connect. last error code = 12029 
16:55:30:494 [WARN]	Request Failed. ErrorCode: 112029 errorMessage: Platform Status, Send Request Failed. WinHTTP Cannot Connect. last error code = 12029 
16:55:44:578 [WARN]	Request Failed. ErrorCode: 112029 errorMessage: Platform Status, Send Request Failed. WinHTTP Cannot Connect. last error code = 12029 
16:56:30:593 [WARN]	Request Failed. ErrorCode: 112029 errorMessage: Platform Status, Send Request Failed. WinHTTP Cannot Connect. last error code = 12029 
16:56:54:668 [WARN]	Request Failed. ErrorCode: 112029 errorMessage: Platform Status, Send Request Failed. WinHTTP Cannot Connect. last error code = 12029 
16:57:24:683 [WARN]	Request Failed. ErrorCode: 112029 errorMessage: Platform Status, Send Request Failed. WinHTTP Cannot Connect. last error code = 12029 
16:57:58:788 [WARN]	Request Failed. ErrorCode: 112029 errorMessage: Platform Status, Send Request Failed. WinHTTP Cannot Connect. last error code = 12029 
16:58:40:837 [WARN]	Request Failed. ErrorCode: 112029 errorMessage: Platform Status, Send Request Failed. WinHTTP Cannot Connect. last error code = 12029 
16:59:38:923 [WARN]	Request Failed. ErrorCode: 112029 errorMessage: Platform Status, Send Request Failed. WinHTTP Cannot Connect. last error code = 12029 
17:00:31:010 [WARN]	Request Failed. ErrorCode: 112029 errorMessage: Platform Status, Send Request Failed. WinHTTP Cannot Connect. last error code = 12029 
17:01:13:071 [WARN]	Request Failed. ErrorCode: 112029 errorMessage: Platform Status, Send Request Failed. WinHTTP Cannot Connect. last error code = 12029 
17:01:15:089 [WARN]	Request Failed. ErrorCode: 112029 errorMessage: Platform Status, Send Request Failed. WinHTTP Cannot Connect. last error code = 12029 
17:02:09:173 [WARN]	Request Failed. ErrorCode: 112029 errorMessage: Platform Status, Send Request Failed. WinHTTP Cannot Connect. last error code = 12029 
17:02:11:202 [WARN]	Request Failed. ErrorCode: 112029 errorMessage: Platform Status, Send Request Failed. WinHTTP Cannot Connect. last error code = 12029 
17:02:11:217 [WARN]	Request Failed. ErrorCode: 112029 errorMessage: Platform Status, Send Request Failed. WinHTTP Cannot Connect. last error code = 12029 
17:03:11:406 [WARN]	Request Failed. ErrorCode: 112029 errorMessage: Platform Status, Send Request Failed. WinHTTP Cannot Connect. last error code = 12029 
17:03:29:452 [WARN]	Request Failed. ErrorCode: 112029 errorMessage: Platform Status, Send Request Failed. WinHTTP Cannot Connect. last error code = 12029 
17:03:45:544 [WARN]	Request Failed. ErrorCode: 112029 errorMessage: Platform Status, Send Request Failed. WinHTTP Cannot Connect. last error code = 12029 
17:04:37:638 [WARN]	Request Failed. ErrorCode: 112029 errorMessage: Platform Status, Send Request Failed. WinHTTP Cannot Connect. last error code = 12029 
17:04:51:662 [WARN]	Request Failed. ErrorCode: 112029 errorMessage: Platform Status, Send Request Failed. WinHTTP Cannot Connect. last error code = 12029 
17:05:03:749 [WARN]	Request Failed. ErrorCode: 112029 errorMessage: Platform Status, Send Request Failed. WinHTTP Cannot Connect. last error code = 12029 
17:05:07:780 [WARN]	Request Failed. ErrorCode: 112029 errorMessage: Platform Status, Send Request Failed. WinHTTP Cannot Connect. last error code = 12029 
17:05:49:841 [WARN]	Request Failed. ErrorCode: 112029 errorMessage: Platform Status, Send Request Failed. WinHTTP Cannot Connect. last error code = 12029 
17:06:29:930 [WARN]	Request Failed. ErrorCode: 112029 errorMessage: Platform Status, Send Request Failed. WinHTTP Cannot Connect. last error code = 12029 
17:07:32:085 [WARN]	Request Failed. ErrorCode: 112029 errorMessage: Platform Status, Send Request Failed. WinHTTP Cannot Connect. last error code = 12029 
17:08:24:169 [WARN]	Request Failed. ErrorCode: 112029 errorMessage: Platform Status, Send Request Failed. WinHTTP Cannot Connect. last error code = 12029 
17:08:38:192 [WARN]	Request Failed. ErrorCode: 112029 errorMessage: Platform Status, Send Request Failed. WinHTTP Cannot Connect. last error code = 12029 
17:09:28:366 [WARN]	Request Failed. ErrorCode: 112029 errorMessage: Platform Status, Send Request Failed. WinHTTP Cannot Connect. last error code = 12029 
17:09:34:387 [WARN]	Request Failed. ErrorCode: 112029 errorMessage: Platform Status, Send Request Failed. WinHTTP Cannot Connect. last error code = 12029 
17:10:08:421 [WARN]	Request Failed. ErrorCode: 112029 errorMessage: Platform Status, Send Request Failed. WinHTTP Cannot Connect. last error code = 12029 
17:10:50:512 [WARN]	Request Failed. ErrorCode: 112029 errorMessage: Platform Status, Send Request Failed. WinHTTP Cannot Connect. last error code = 12029 
17:11:22:519 [WARN]	Request Failed. ErrorCode: 112029 errorMessage: Platform Status, Send Request Failed. WinHTTP Cannot Connect. last error code = 12029 
17:12:10:610 [WARN]	Request Failed. ErrorCode: 112029 errorMessage: Platform Status, Send Request Failed. WinHTTP Cannot Connect. last error code = 12029 
17:12:26:633 [WARN]	Request Failed. ErrorCode: 112029 errorMessage: Platform Status, Send Request Failed. WinHTTP Cannot Connect. last error code = 12029 
17:13:00:723 [WARN]	Request Failed. ErrorCode: 112029 errorMessage: Platform Status, Send Request Failed. WinHTTP Cannot Connect. last error code = 12029 
17:13:50:832 [WARN]	Request Failed. ErrorCode: 112029 errorMessage: Platform Status, Send Request Failed. WinHTTP Cannot Connect. last error code = 12029 
17:14:14:849 [WARN]	Request Failed. ErrorCode: 112029 errorMessage: Platform Status, Send Request Failed. WinHTTP Cannot Connect. last error code = 12029 
17:14:16:862 [WARN]	Request Failed. ErrorCode: 112029 errorMessage: Platform Status, Send Request Failed. WinHTTP Cannot Connect. last error code = 12029 
17:14:28:969 [WARN]	Request Failed. ErrorCode: 112029 errorMessage: Platform Status, Send Request Failed. WinHTTP Cannot Connect. last error code = 12029 
17:15:29:065 [WARN]	Request Failed. ErrorCode: 112029 errorMessage: Platform Status, Send Request Failed. WinHTTP Cannot Connect. last error code = 12029 
17:15:57:071 [WARN]	Request Failed. ErrorCode: 112029 errorMessage: Platform Status, Send Request Failed. WinHTTP Cannot Connect. last error code = 12029 
17:15:59:097 [WARN]	Request Failed. ErrorCode: 112029 errorMessage: Platform Status, Send Request Failed. WinHTTP Cannot Connect. last error code = 12029 
17:16:31:193 [WARN]	Request Failed. ErrorCode: 112029 errorMessage: Platform Status, Send Request Failed. WinHTTP Cannot Connect. last error code = 12029 
17:17:27:295 [WARN]	Request Failed. ErrorCode: 112029 errorMessage: Platform Status, Send Request Failed. WinHTTP Cannot Connect. last error code = 12029 
17:18:27:404 [WARN]	Request Failed. ErrorCode: 112029 errorMessage: Platform Status, Send Request Failed. WinHTTP Cannot Connect. last error code = 12029 
17:19:17:479 [WARN]	Request Failed. ErrorCode: 112029 errorMessage: Platform Status, Send Request Failed. WinHTTP Cannot Connect. last error code = 12029 
17:19:51:592 [WARN]	Request Failed. ErrorCode: 112029 errorMessage: Platform Status, Send Request Failed. WinHTTP Cannot Connect. last error code = 12029 
17:20:53:687 [WARN]	Request Failed. ErrorCode: 112029 errorMessage: Platform Status, Send Request Failed. WinHTTP Cannot Connect. last error code = 12029 
17:20:57:703 [WARN]	Request Failed. ErrorCode: 112029 errorMessage: Platform Status, Send Request Failed. WinHTTP Cannot Connect. last error code = 12029 
17:21:07:731 [WARN]	Request Failed. ErrorCode: 112029 errorMessage: Platform Status, Send Request Failed. WinHTTP Cannot Connect. last error code = 12029 
17:21:11:747 [WARN]	Request Failed. ErrorCode: 112029 errorMessage: Platform Status, Send Request Failed. WinHTTP Cannot Connect. last error code = 12029 
17:21:35:770 [WARN]	Request Failed. ErrorCode: 112029 errorMessage: Platform Status, Send Request Failed. WinHTTP Cannot Connect. last error code = 12029 
17:22:29:837 [WARN]	Request Failed. ErrorCode: 112029 errorMessage: Platform Status, Send Request Failed. WinHTTP Cannot Connect. last error code = 12029 
17:23:09:941 [WARN]	Request Failed. ErrorCode: 112029 errorMessage: Platform Status, Send Request Failed. WinHTTP Cannot Connect. last error code = 12029 
17:23:23:954 [WARN]	Request Failed. ErrorCode: 112029 errorMessage: Platform Status, Send Request Failed. WinHTTP Cannot Connect. last error code = 12029 
17:23:33:981 [WARN]	Request Failed. ErrorCode: 112029 errorMessage: Platform Status, Send Request Failed. WinHTTP Cannot Connect. last error code = 12029 
17:24:22:064 [WARN]	Request Failed. ErrorCode: 112029 errorMessage: Platform Status, Send Request Failed. WinHTTP Cannot Connect. last error code = 12029 
17:24:42:076 [WARN]	Request Failed. ErrorCode: 112029 errorMessage: Platform Status, Send Request Failed. WinHTTP Cannot Connect. last error code = 12029 
17:24:54:154 [WARN]	Request Failed. ErrorCode: 112029 errorMessage: Platform Status, Send Request Failed. WinHTTP Cannot Connect. last error code = 12029 
17:25:12:173 [WARN]	Request Failed. ErrorCode: 112029 errorMessage: Platform Status, Send Request Failed. WinHTTP Cannot Connect. last error code = 12029 
17:25:30:258 [WARN]	Request Failed. ErrorCode: 112029 errorMessage: Platform Status, Send Request Failed. WinHTTP Cannot Connect. last error code = 12029 
17:25:34:265 [WARN]	Request Failed. ErrorCode: 112029 errorMessage: Platform Status, Send Request Failed. WinHTTP Cannot Connect. last error code = 12029 
17:26:24:347 [WARN]	Request Failed. ErrorCode: 112029 errorMessage: Platform Status, Send Request Failed. WinHTTP Cannot Connect. last error code = 12029 
17:27:16:421 [WARN]	Request Failed. ErrorCode: 112029 errorMessage: Platform Status, Send Request Failed. WinHTTP Cannot Connect. last error code = 12029 
17:28:00:510 [WARN]	Request Failed. ErrorCode: 112029 errorMessage: Platform Status, Send Request Failed. WinHTTP Cannot Connect. last error code = 12029 
17:28:48:527 [WARN]	Request Failed. ErrorCode: 112029 errorMessage: Platform Status, Send Request Failed. WinHTTP Cannot Connect. last error code = 12029 
17:28:52:544 [WARN]	Request Failed. ErrorCode: 112029 errorMessage: Platform Status, Send Request Failed. WinHTTP Cannot Connect. last error code = 12029 
17:28:58:616 [WARN]	Request Failed. ErrorCode: 112029 errorMessage: Platform Status, Send Request Failed. WinHTTP Cannot Connect. last error code = 12029 
17:29:32:636 [WARN]	Request Failed. ErrorCode: 112029 errorMessage: Platform Status, Send Request Failed. WinHTTP Cannot Connect. last error code = 12029 
17:29:44:650 [WARN]	Request Failed. ErrorCode: 112029 errorMessage: Platform Status, Send Request Failed. WinHTTP Cannot Connect. last error code = 12029 
17:30:46:765 [WARN]	Request Failed. ErrorCode: 112029 errorMessage: Platform Status, Send Request Failed. WinHTTP Cannot Connect. last error code = 12029 
